Mplus VERSION 8.3
MUTHEN & MUTHEN
02/19/2025   9:34 PM

INPUT INSTRUCTIONS

   DATA: FILE IS "D:\mplus ÔËĐĐ°ć\OKOK.dat";

    VARIABLE:
      NAME ARE x1 x2 x3 x4 x5 m1 m2 m3 m4 m5 y1 y2 y3 y4 y5;
      MISSING=ALL(-999);
      USEVARIABLES ARE x1 x2 x3 x4 x5 m1 m2 m3 m4 m5 y1 y2 y3 y4 y5;

    ANALYSIS:
      ESTIMATOR=MLR;

    MODEL:

      x2 ON x1; m2 ON m1; y2 ON y1;
      x3 ON x2; m3 ON m2; y3 ON y2;
      x4 ON x3; m4 ON m3; y4 ON y3;
      x5 ON x4; m5 ON m4; y5 ON y4;


      x2 ON x1; x3 ON x2; x4 ON x3; x5 ON x4;
      m2 ON m1; m3 ON m2; m4 ON m3; m5 ON m4;
      y2 ON y1; y3 ON y2; y4 ON y3; y5 ON y4;


      m2 ON x1; m3 ON x2; m4 ON x3; m5 ON x4;
      x2 ON m1; x3 ON m2; x4 ON m3; x5 ON m4;


      y2 ON m1; y3 ON m2; y4 ON m3; y5 ON m4;
      m2 ON y1; m3 ON y2; m4 ON y3; m5 ON y4;


      y2 ON x1; y3 ON x2; y4 ON x3; y5 ON x4;
      x2 ON y1; x3 ON y2; x4 ON y3; x5 ON y4;
  y2 ON x1;

      x2 WITH m2 y2;
      x3 WITH m3 y3;
      x4 WITH m4 y4;
      x5 WITH m5 y5;


      x1 WITH m1 y1;
      m1 WITH y1;

    OUTPUT: SAMPSTAT STDYX MOD CINTERVAL;



INPUT READING TERMINATED NORMALLY




SUMMARY OF ANALYSIS

Number of groups                                                 1
Number of observations                                        2003

Number of dependent variables                                   12
Number of independent variables                                  3
Number of continuous latent variables                            0

Observed dependent variables

  Continuous
   X2          X3          X4          X5          M2          M3
   M4          M5          Y2          Y3          Y4          Y5

Observed independent variables
   X1          M1          Y1


Estimator                                                      MLR
Information matrix                                        OBSERVED
Maximum number of iterations                                  1000
Convergence criterion                                    0.500D-04
Maximum number of steepest descent iterations                   20
Maximum number of iterations for H1                           2000
Convergence criterion for H1                             0.100D-03

Input data file(s)
  D:\mplus ÔËĐĐ°ć\OKOK.dat

Input data format  FREE


SUMMARY OF DATA

     Number of missing data patterns             1


COVARIANCE COVERAGE OF DATA

Minimum covariance coverage value   0.100


     PROPORTION OF DATA PRESENT


           Covariance Coverage
              X2            X3            X4            X5            M2
              ________      ________      ________      ________      ________
 X2             1.000
 X3             1.000         1.000
 X4             1.000         1.000         1.000
 X5             1.000         1.000         1.000         1.000
 M2             1.000         1.000         1.000         1.000         1.000
 M3             1.000         1.000         1.000         1.000         1.000
 M4             1.000         1.000         1.000         1.000         1.000
 M5             1.000         1.000         1.000         1.000         1.000
 Y2             1.000         1.000         1.000         1.000         1.000
 Y3             1.000         1.000         1.000         1.000         1.000
 Y4             1.000         1.000         1.000         1.000         1.000
 Y5             1.000         1.000         1.000         1.000         1.000
 X1             1.000         1.000         1.000         1.000         1.000
 M1             1.000         1.000         1.000         1.000         1.000
 Y1             1.000         1.000         1.000         1.000         1.000


           Covariance Coverage
              M3            M4            M5            Y2            Y3
              ________      ________      ________      ________      ________
 M3             1.000
 M4             1.000         1.000
 M5             1.000         1.000         1.000
 Y2             1.000         1.000         1.000         1.000
 Y3             1.000         1.000         1.000         1.000         1.000
 Y4             1.000         1.000         1.000         1.000         1.000
 Y5             1.000         1.000         1.000         1.000         1.000
 X1             1.000         1.000         1.000         1.000         1.000
 M1             1.000         1.000         1.000         1.000         1.000
 Y1             1.000         1.000         1.000         1.000         1.000


           Covariance Coverage
              Y4            Y5            X1            M1            Y1
              ________      ________      ________      ________      ________
 Y4             1.000
 Y5             1.000         1.000
 X1             1.000         1.000         1.000
 M1             1.000         1.000         1.000         1.000
 Y1             1.000         1.000         1.000         1.000         1.000


SAMPLE STATISTICS


     ESTIMATED SAMPLE STATISTICS


           Means
              X2            X3            X4            X5            M2
              ________      ________      ________      ________      ________
                1.298         1.121         1.034         0.964         0.375


           Means
              M3            M4            M5            Y2            Y3
              ________      ________      ________      ________      ________
                0.352         0.335         0.308         0.615         0.612


           Means
              Y4            Y5            X1            M1            Y1
              ________      ________      ________      ________      ________
                0.604         0.606         1.494         0.432         0.618


           Covariances
              X2            X3            X4            X5            M2
              ________      ________      ________      ________      ________
 X2             2.026
 X3             1.124         1.372
 X4             0.703         0.716         0.948
 X5             0.473         0.414         0.472         0.711
 M2             0.444         0.289         0.183         0.117         0.182
 M3             0.313         0.303         0.186         0.127         0.103
 M4             0.195         0.191         0.227         0.128         0.066
 M5             0.103         0.100         0.120         0.160         0.037
 Y2            -0.005        -0.003        -0.003        -0.003        -0.001
 Y3            -0.005        -0.003        -0.003        -0.003        -0.001
 Y4            -0.003        -0.003        -0.003        -0.002        -0.001
 Y5            -0.004        -0.003        -0.002        -0.003         0.000
 X1             1.559         1.121         0.755         0.448         0.391
 M1             0.405         0.280         0.179         0.113         0.127
 Y1            -0.005        -0.003        -0.003        -0.003        -0.001


           Covariances
              M3            M4            M5            Y2            Y3
              ________      ________      ________      ________      ________
 M3             0.145
 M4             0.072         0.108
 M5             0.045         0.050         0.078
 Y2            -0.001        -0.001         0.000         0.001
 Y3            -0.001        -0.001         0.000         0.000         0.001
 Y4             0.000         0.000         0.000         0.000         0.000
 Y5             0.000         0.000         0.000         0.000         0.000
 X1             0.288         0.195         0.104        -0.005        -0.005
 M1             0.094         0.061         0.040        -0.001        -0.001
 Y1            -0.001        -0.001        -0.001         0.000         0.000


           Covariances
              Y4            Y5            X1            M1            Y1
              ________      ________      ________      ________      ________
 Y4             0.001
 Y5             0.000         0.001
 X1            -0.004        -0.004         2.862
 M1             0.000        -0.001         0.670         0.274
 Y1             0.000         0.000        -0.007        -0.002         0.001


           Correlations
              X2            X3            X4            X5            M2
              ________      ________      ________      ________      ________
 X2             1.000
 X3             0.674         1.000
 X4             0.508         0.628         1.000
 X5             0.394         0.419         0.574         1.000
 M2             0.730         0.578         0.440         0.324         1.000
 M3             0.577         0.678         0.501         0.396         0.635
 M4             0.417         0.497         0.710         0.463         0.471
 M5             0.258         0.306         0.441         0.679         0.308
 Y2            -0.138        -0.098        -0.132        -0.129        -0.122
 Y3            -0.131        -0.110        -0.135        -0.124        -0.106
 Y4            -0.083        -0.093        -0.112        -0.093        -0.048
 Y5            -0.094        -0.082        -0.078        -0.133        -0.021
 X1             0.647         0.565         0.458         0.314         0.541
 M1             0.543         0.456         0.351         0.255         0.569
 Y1            -0.126        -0.102        -0.102        -0.121        -0.106


           Correlations
              M3            M4            M5            Y2            Y3
              ________      ________      ________      ________      ________
 M3             1.000
 M4             0.575         1.000
 M5             0.424         0.548         1.000
 Y2            -0.092        -0.097        -0.057         1.000
 Y3            -0.097        -0.070        -0.049         0.391         1.000
 Y4            -0.024        -0.036        -0.005         0.281         0.371
 Y5            -0.032        -0.017        -0.001         0.257         0.351
 X1             0.446         0.351         0.219        -0.120        -0.113
 M1             0.469         0.358         0.272        -0.116        -0.093
 Y1            -0.103        -0.100        -0.092         0.387         0.305


           Correlations
              Y4            Y5            X1            M1            Y1
              ________      ________      ________      ________      ________
 Y4             1.000
 Y5             0.469         1.000
 X1            -0.085        -0.089         1.000
 M1            -0.027        -0.055         0.756         1.000
 Y1             0.280         0.223        -0.149        -0.136         1.000


     MAXIMUM LOG-LIKELIHOOD VALUE FOR THE UNRESTRICTED (H1) MODEL IS 9290.298


UNIVARIATE SAMPLE STATISTICS


     UNIVARIATE HIGHER-ORDER MOMENT DESCRIPTIVE STATISTICS

         Variable/         Mean/     Skewness/   Minimum/ % with                Percentiles
        Sample Size      Variance    Kurtosis    Maximum  Min/Max      20%/60%    40%/80%    Median

     X2                    1.298       3.002       0.018    0.05%       0.465      0.732      0.886
            2003.000       2.026      10.177       9.103    0.05%       1.062      1.609
     X3                    1.121       3.225       0.025    0.05%       0.430      0.662      0.791
            2003.000       1.372      12.870       8.820    0.05%       0.943      1.458
     X4                    1.034       2.857       0.013    0.05%       0.399      0.631      0.766
            2003.000       0.948      11.283       7.897    0.05%       0.919      1.382
     X5                    0.964       2.387       0.007    0.05%       0.375      0.600      0.729
            2003.000       0.711       7.851       6.743    0.05%       0.877      1.340
     M2                    0.375       2.775       0.008    0.05%       0.116      0.195      0.244
            2003.000       0.182       8.507       2.608    0.05%       0.303      0.481
     M3                    0.352       2.882       0.007    0.05%       0.107      0.186      0.234
            2003.000       0.145      10.280       2.616    0.05%       0.296      0.481
     M4                    0.335       2.441       0.006    0.05%       0.114      0.188      0.236
            2003.000       0.108       7.282       2.288    0.05%       0.295      0.478
     M5                    0.308       2.288       0.008    0.10%       0.109      0.184      0.234
            2003.000       0.078       6.804       2.038    0.05%       0.288      0.440
     Y2                    0.615       0.251       0.516    0.05%       0.598      0.609      0.614
            2003.000       0.001       1.465       0.728    0.05%       0.619      0.634
     Y3                    0.612       0.230       0.511    0.05%       0.594      0.605      0.610
            2003.000       0.001       1.497       0.712    0.05%       0.616      0.630
     Y4                    0.604      -0.340       0.482    0.05%       0.586      0.599      0.604
            2003.000       0.001       2.286       0.729    0.05%       0.610      0.624
     Y5                    0.606      -0.123       0.482    0.05%       0.587      0.601      0.606
            2003.000       0.001       2.367       0.729    0.05%       0.611      0.625
     X1                    1.494       2.611       0.007    0.05%       0.474      0.772      0.938
            2003.000       2.862       7.149      10.219    0.05%       1.145      1.820
     M1                    0.432       2.618       0.006    0.05%       0.107      0.194      0.253
            2003.000       0.274       7.435       3.179    0.05%       0.334      0.563
     Y1                    0.618       0.243       0.507    0.05%       0.598      0.611      0.617
            2003.000       0.001       1.367       0.729    0.05%       0.622      0.638


THE MODEL ESTIMATION TERMINATED NORMALLY

     THE STANDARD ERRORS OF THE MODEL PARAMETER ESTIMATES MAY NOT BE
     TRUSTWORTHY FOR SOME PARAMETERS DUE TO A NON-POSITIVE DEFINITE
     FIRST-ORDER DERIVATIVE PRODUCT MATRIX.  THIS MAY BE DUE TO THE STARTING
     VALUES BUT MAY ALSO BE AN INDICATION OF MODEL NONIDENTIFICATION.  THE
     CONDITION NUMBER IS       0.588D-10.  PROBLEM INVOLVING THE FOLLOWING PARAMETER:
     Parameter 18, X2 ON Y1




MODEL FIT INFORMATION

Number of Free Parameters                       78

Loglikelihood

          H0 Value                        8934.810
          H0 Scaling Correction Factor      2.8217
            for MLR
          H1 Value                        9290.298
          H1 Scaling Correction Factor      2.3528
            for MLR

Information Criteria

          Akaike (AIC)                  -17713.620
          Bayesian (BIC)                -17276.633
          Sample-Size Adjusted BIC      -17524.443
            (n* = (n + 2) / 24)

Chi-Square Test of Model Fit

          Value                            415.509*
          Degrees of Freedom                    57
          P-Value                           0.0000
          Scaling Correction Factor         1.7111
            for MLR

*   The chi-square value for MLM, MLMV, MLR, ULSMV, WLSM and WLSMV cannot be used
    for chi-square difference testing in the regular way.  MLM, MLR and WLSM
    chi-square difference testing is described on the Mplus website.  MLMV, WLSMV,
    and ULSMV difference testing is done using the DIFFTEST option.

RMSEA (Root Mean Square Error Of Approximation)

          Estimate                           0.056
          90 Percent C.I.                    0.051  0.061
          Probability RMSEA <= .05           0.024

CFI/TLI

          CFI                                0.938
          TLI                                0.908

Chi-Square Test of Model Fit for the Baseline Model

          Value                           5847.669
          Degrees of Freedom                   102
          P-Value                           0.0000

SRMR (Standardized Root Mean Square Residual)

          Value                              0.056



MODEL RESULTS

                                                    Two-Tailed
                    Estimate       S.E.  Est./S.E.    P-Value

 X2       ON
    X1                 0.463      0.053      8.664      0.000
    M1                 0.335      0.160      2.092      0.036
    Y1                -1.456      0.836     -1.742      0.082

 M2       ON
    M1                 0.304      0.046      6.623      0.000
    X1                 0.065      0.013      5.019      0.000
    Y1                -0.277      0.299     -0.925      0.355

 Y2       ON
    Y1                 0.345      0.023     15.112      0.000
    M1                -0.002      0.001     -1.487      0.137
    X1                 0.000      0.000     -1.227      0.220

 X3       ON
    X2                 0.444      0.053      8.340      0.000
    M2                 0.505      0.161      3.136      0.002
    Y2                -0.073      0.805     -0.091      0.927

 M3       ON
    M2                 0.409      0.045      9.053      0.000
    X2                 0.065      0.014      4.608      0.000
    Y2                -0.034      0.243     -0.141      0.888

 Y3       ON
    Y2                 0.391      0.026     14.895      0.000
    M2                 0.000      0.002     -0.162      0.871
    X2                -0.001      0.000     -2.726      0.006

 X4       ON
    X3                 0.439      0.047      9.366      0.000
    M3                 0.349      0.137      2.551      0.011
    Y3                -2.478      0.638     -3.886      0.000

 M4       ON
    M3                 0.378      0.043      8.902      0.000
    X3                 0.056      0.014      3.958      0.000
    Y3                -0.072      0.233     -0.308      0.758

 Y4       ON
    Y3                 0.396      0.028     14.160      0.000
    M3                 0.006      0.002      3.913      0.000
    X3                -0.003      0.001     -4.675      0.000

 X5       ON
    X4                 0.424      0.050      8.416      0.000
    M4                 0.291      0.103      2.820      0.005
    Y4                -1.044      0.571     -1.829      0.067

 M5       ON
    M4                 0.402      0.040      9.972      0.000
    X4                 0.031      0.013      2.366      0.018
    Y4                 0.252      0.204      1.235      0.217

 Y5       ON
    Y4                 0.492      0.026     18.907      0.000
    M4                 0.003      0.003      1.235      0.217
    X4                -0.002      0.001     -1.973      0.048

 X2       WITH
    M2                 0.218      0.022     10.000      0.000
    Y2                -0.001      0.000     -2.249      0.024

 X3       WITH
    M3                 0.112      0.013      8.481      0.000
    Y3                 0.000      0.000     -0.839      0.401

 X4       WITH
    M4                 0.116      0.011     10.786      0.000
    Y4                -0.001      0.000     -2.431      0.015

 X5       WITH
    M5                 0.094      0.008     11.253      0.000
    Y5                -0.002      0.000     -4.397      0.000

 X1       WITH
    M1                 0.670      0.048     13.908      0.000
    Y1                -0.007      0.001     -6.319      0.000

 M1       WITH
    Y1                -0.002      0.000     -6.036      0.000

 Y5       WITH
    M5                 0.000      0.000      0.241      0.810

 Means
    X1                 1.494      0.038     39.522      0.000
    M1                 0.432      0.012     36.902      0.000
    Y1                 0.618      0.001   1038.359      0.000

 Intercepts
    X2                 1.361      0.524      2.598      0.009
    X3                 0.400      0.502      0.798      0.425
    X4                 1.936      0.394      4.917      0.000
    X5                 1.058      0.352      3.008      0.003
    M2                 0.318      0.188      1.691      0.091
    M3                 0.135      0.151      0.894      0.371
    M4                 0.183      0.143      1.280      0.201
    M5                -0.011      0.125     -0.090      0.928
    Y2                 0.403      0.014     28.413      0.000
    Y3                 0.373      0.016     23.080      0.000
    Y4                 0.362      0.017     21.032      0.000
    Y5                 0.309      0.016     19.539      0.000

 Variances
    X1                 2.862      0.193     14.796      0.000
    M1                 0.274      0.019     14.570      0.000
    Y1                 0.001      0.000     24.392      0.000

 Residual Variances
    X2                 1.159      0.093     12.426      0.000
    X3                 0.727      0.060     12.074      0.000
    X4                 0.561      0.045     12.346      0.000
    X5                 0.471      0.037     12.878      0.000
    M2                 0.118      0.008     14.630      0.000
    M3                 0.083      0.006     14.166      0.000
    M4                 0.070      0.005     13.858      0.000
    M5                 0.054      0.004     15.404      0.000
    Y2                 0.001      0.000     22.291      0.000
    Y3                 0.001      0.000     22.510      0.000
    Y4                 0.001      0.000     20.836      0.000
    Y5                 0.001      0.000     20.574      0.000


STANDARDIZED MODEL RESULTS


STDYX Standardization

                                                    Two-Tailed
                    Estimate       S.E.  Est./S.E.    P-Value

 X2       ON
    X1                 0.551      0.059      9.255      0.000
    M1                 0.123      0.059      2.094      0.036
    Y1                -0.027      0.016     -1.751      0.080

 M2       ON
    M1                 0.373      0.051      7.259      0.000
    X1                 0.257      0.051      5.019      0.000
    Y1                -0.017      0.019     -0.925      0.355

 Y2       ON
    Y1                 0.377      0.023     16.221      0.000
    M1                -0.038      0.026     -1.484      0.138
    X1                -0.035      0.028     -1.228      0.219

 X3       ON
    X2                 0.539      0.059      9.171      0.000
    M2                 0.184      0.059      3.106      0.002
    Y2                -0.002      0.017     -0.091      0.928

 M3       ON
    M2                 0.459      0.049      9.383      0.000
    X2                 0.242      0.050      4.847      0.000
    Y2                -0.002      0.016     -0.141      0.888

 Y3       ON
    Y2                 0.381      0.023     16.604      0.000
    M2                -0.005      0.028     -0.162      0.871
    X2                -0.075      0.027     -2.758      0.006

 X4       ON
    X3                 0.528      0.052     10.171      0.000
    M3                 0.137      0.053      2.560      0.010
    Y3                -0.064      0.016     -3.948      0.000

 M4       ON
    M3                 0.440      0.047      9.439      0.000
    X3                 0.198      0.049      4.074      0.000
    Y3                -0.005      0.018     -0.308      0.758

 Y4       ON
    Y3                 0.367      0.023     16.298      0.000
    M3                 0.089      0.022      4.045      0.000
    X3                -0.113      0.024     -4.768      0.000

 X5       ON
    X4                 0.490      0.046     10.675      0.000
    M4                 0.113      0.040      2.832      0.005
    Y4                -0.033      0.018     -1.840      0.066

 M5       ON
    M4                 0.471      0.041     11.406      0.000
    X4                 0.109      0.045      2.446      0.014
    Y4                 0.024      0.020      1.235      0.217

 Y5       ON
    Y4                 0.465      0.022     20.813      0.000
    M4                 0.036      0.029      1.237      0.216
    X4                -0.052      0.026     -1.983      0.047

 X2       WITH
    M2                 0.588      0.035     16.569      0.000
    Y2                -0.035      0.016     -2.257      0.024

 X3       WITH
    M3                 0.455      0.045     10.224      0.000
    Y3                -0.018      0.022     -0.834      0.405

 X4       WITH
    M4                 0.588      0.028     20.856      0.000
    Y4                -0.047      0.019     -2.455      0.014

 X5       WITH
    M5                 0.590      0.031     19.201      0.000
    Y5                -0.107      0.024     -4.485      0.000

 X1       WITH
    M1                 0.756      0.019     39.121      0.000
    Y1                -0.149      0.022     -6.679      0.000

 M1       WITH
    Y1                -0.136      0.022     -6.132      0.000

 Y5       WITH
    M5                 0.006      0.023      0.241      0.809

 Means
    X1                 0.883      0.015     57.139      0.000
    M1                 0.825      0.015     55.330      0.000
    Y1                23.201      0.473     49.035      0.000

 Intercepts
    X2                 0.957      0.368      2.604      0.009
    X3                 0.342      0.432      0.792      0.428
    X4                 1.991      0.399      4.987      0.000
    X5                 1.255      0.419      2.997      0.003
    M2                 0.744      0.442      1.684      0.092
    M3                 0.355      0.398      0.893      0.372
    M4                 0.559      0.439      1.275      0.202
    M5                -0.040      0.446     -0.090      0.928
    Y2                16.538      0.766     21.597      0.000
    Y3                14.916      0.813     18.345      0.000
    Y4                13.413      0.815     16.458      0.000
    Y5                10.811      0.714     15.147      0.000

 Variances
    X1                 1.000      0.000    999.000    999.000
    M1                 1.000      0.000    999.000    999.000
    Y1                 1.000      0.000    999.000    999.000

 Residual Variances
    X2                 0.573      0.030     18.820      0.000
    X3                 0.530      0.033     16.129      0.000
    X4                 0.593      0.032     18.671      0.000
    X5                 0.664      0.031     21.506      0.000
    M2                 0.647      0.029     22.439      0.000
    M3                 0.569      0.031     18.550      0.000
    M4                 0.649      0.029     22.017      0.000
    M5                 0.694      0.028     24.487      0.000
    Y2                 0.845      0.018     47.674      0.000
    Y3                 0.842      0.017     48.139      0.000
    Y4                 0.855      0.017     51.259      0.000
    Y5                 0.779      0.021     37.321      0.000


R-SQUARE

    Observed                                        Two-Tailed
    Variable        Estimate       S.E.  Est./S.E.    P-Value

    X2                 0.427      0.030     14.026      0.000
    X3                 0.470      0.033     14.298      0.000
    X4                 0.407      0.032     12.835      0.000
    X5                 0.336      0.031     10.901      0.000
    M2                 0.353      0.029     12.243      0.000
    M3                 0.431      0.031     14.043      0.000
    M4                 0.351      0.029     11.928      0.000
    M5                 0.306      0.028     10.799      0.000
    Y2                 0.155      0.018      8.721      0.000
    Y3                 0.158      0.017      9.039      0.000
    Y4                 0.145      0.017      8.699      0.000
    Y5                 0.221      0.021     10.618      0.000


QUALITY OF NUMERICAL RESULTS

     Condition Number for the Information Matrix              0.209E-09
       (ratio of smallest to largest eigenvalue)


CONFIDENCE INTERVALS OF MODEL RESULTS

                  Lower .5%  Lower 2.5%    Lower 5%    Estimate    Upper 5%  Upper 2.5%   Upper .5%

 X2       ON
    X1               0.325       0.358       0.375       0.463       0.551       0.568       0.601
    M1              -0.077       0.021       0.072       0.335       0.598       0.648       0.747
    Y1              -3.609      -3.095      -2.831      -1.456      -0.081       0.182       0.697

 M2       ON
    M1               0.186       0.214       0.228       0.304       0.379       0.394       0.422
    X1               0.032       0.040       0.044       0.065       0.086       0.090       0.098
    Y1              -1.047      -0.863      -0.768      -0.277       0.215       0.310       0.494

 Y2       ON
    Y1               0.287       0.301       0.308       0.345       0.383       0.390       0.404
    M1              -0.005      -0.004      -0.004      -0.002       0.000       0.001       0.001
    X1              -0.002      -0.001      -0.001       0.000       0.000       0.000       0.001

 X3       ON
    X2               0.307       0.340       0.356       0.444       0.532       0.548       0.581
    M2               0.090       0.189       0.240       0.505       0.770       0.821       0.920
    Y2              -2.147      -1.651      -1.398      -0.073       1.251       1.505       2.001

 M3       ON
    M2               0.293       0.320       0.335       0.409       0.483       0.498       0.525
    X2               0.029       0.037       0.042       0.065       0.088       0.092       0.101
    Y2              -0.661      -0.511      -0.435      -0.034       0.366       0.443       0.593

 Y3       ON
    Y2               0.323       0.339       0.348       0.391       0.434       0.442       0.458
    M2              -0.005      -0.003      -0.003       0.000       0.002       0.003       0.004
    X2              -0.003      -0.002      -0.002      -0.001      -0.001       0.000       0.000

 X4       ON
    X3               0.318       0.347       0.362       0.439       0.516       0.531       0.560
    M3              -0.003       0.081       0.124       0.349       0.574       0.617       0.701
    Y3              -4.121      -3.728      -3.528      -2.478      -1.429      -1.229      -0.836

 M4       ON
    M3               0.269       0.295       0.308       0.378       0.448       0.462       0.488
    X3               0.019       0.028       0.032       0.056       0.079       0.083       0.092
    Y3              -0.671      -0.528      -0.454      -0.072       0.311       0.385       0.528

 Y4       ON
    Y3               0.324       0.341       0.350       0.396       0.442       0.451       0.468
    M3               0.002       0.003       0.004       0.006       0.009       0.009       0.010
    X3              -0.004      -0.004      -0.004      -0.003      -0.002      -0.002      -0.001

 X5       ON
    X4               0.295       0.326       0.342       0.424       0.507       0.523       0.554
    M4               0.025       0.089       0.121       0.291       0.461       0.494       0.558
    Y4              -2.515      -2.164      -1.984      -1.044      -0.105       0.075       0.426

 M5       ON
    M4               0.298       0.323       0.335       0.402       0.468       0.481       0.506
    X4              -0.003       0.005       0.010       0.031       0.053       0.057       0.065
    Y4              -0.274      -0.148      -0.084       0.252       0.588       0.652       0.778

 Y5       ON
    Y4               0.425       0.441       0.449       0.492       0.535       0.543       0.559
    M4              -0.003      -0.002      -0.001       0.003       0.007       0.008       0.010
    X4              -0.004      -0.003      -0.003      -0.002       0.000       0.000       0.000

 X2       WITH
    M2               0.161       0.175       0.182       0.218       0.253       0.260       0.274
    Y2              -0.002      -0.002      -0.001      -0.001       0.000       0.000       0.000

 X3       WITH
    M3               0.078       0.086       0.090       0.112       0.133       0.137       0.145
    Y3              -0.001      -0.001      -0.001       0.000       0.000       0.000       0.001

 X4       WITH
    M4               0.089       0.095       0.099       0.116       0.134       0.137       0.144
    Y4              -0.002      -0.002      -0.001      -0.001       0.000       0.000       0.000

 X5       WITH
    M5               0.073       0.078       0.081       0.094       0.108       0.111       0.116
    Y5              -0.003      -0.003      -0.003      -0.002      -0.001      -0.001      -0.001

 X1       WITH
    M1               0.546       0.575       0.591       0.670       0.749       0.764       0.794
    Y1              -0.009      -0.009      -0.008      -0.007      -0.005      -0.005      -0.004

 M1       WITH
    Y1              -0.003      -0.003      -0.002      -0.002      -0.001      -0.001      -0.001

 Y5       WITH
    M5               0.000       0.000       0.000       0.000       0.000       0.000       0.000

 Means
    X1               1.397       1.420       1.432       1.494       1.556       1.568       1.591
    M1               0.402       0.409       0.413       0.432       0.451       0.455       0.462
    Y1               0.616       0.617       0.617       0.618       0.619       0.619       0.619

 Intercepts
    X2               0.011       0.334       0.499       1.361       2.224       2.389       2.711
    X3              -0.893      -0.583      -0.425       0.400       1.226       1.384       1.693
    X4               0.922       1.164       1.289       1.936       2.584       2.708       2.951
    X5               0.152       0.369       0.480       1.058       1.637       1.747       1.964
    M2              -0.166      -0.051       0.009       0.318       0.627       0.686       0.802
    M3              -0.254      -0.161      -0.114       0.135       0.384       0.432       0.525
    M4              -0.186      -0.098      -0.052       0.183       0.419       0.464       0.553
    M5              -0.333      -0.256      -0.217      -0.011       0.194       0.233       0.310
    Y2               0.367       0.376       0.380       0.403       0.427       0.431       0.440
    Y3               0.332       0.342       0.347       0.373       0.400       0.405       0.415
    Y4               0.318       0.329       0.334       0.362       0.391       0.396       0.407
    Y5               0.268       0.278       0.283       0.309       0.335       0.340       0.350

 Variances
    X1               2.364       2.483       2.544       2.862       3.181       3.242       3.361
    M1               0.226       0.237       0.243       0.274       0.305       0.311       0.323
    Y1               0.001       0.001       0.001       0.001       0.001       0.001       0.001

 Residual Variances
    X2               0.919       0.977       1.006       1.159       1.313       1.342       1.400
    X3               0.572       0.609       0.628       0.727       0.826       0.845       0.882
    X4               0.444       0.472       0.486       0.561       0.635       0.650       0.678
    X5               0.377       0.400       0.411       0.471       0.532       0.543       0.566
    M2               0.097       0.102       0.105       0.118       0.131       0.134       0.139
    M3               0.068       0.071       0.073       0.083       0.092       0.094       0.098
    M4               0.057       0.060       0.061       0.070       0.078       0.080       0.083
    M5               0.045       0.047       0.048       0.054       0.060       0.061       0.063
    Y2               0.000       0.000       0.000       0.001       0.001       0.001       0.001
    Y3               0.000       0.000       0.000       0.001       0.001       0.001       0.001
    Y4               0.001       0.001       0.001       0.001       0.001       0.001       0.001
    Y5               0.001       0.001       0.001       0.001       0.001       0.001       0.001


CONFIDENCE INTERVALS OF STANDARDIZED MODEL RESULTS


STDYX Standardization

                  Lower .5%  Lower 2.5%    Lower 5%    Estimate    Upper 5%  Upper 2.5%   Upper .5%

 X2       ON
    X1               0.397       0.434       0.453       0.551       0.648       0.667       0.704
    M1              -0.028       0.008       0.026       0.123       0.220       0.239       0.275
    Y1              -0.067      -0.058      -0.053      -0.027      -0.002       0.003       0.013

 M2       ON
    M1               0.240       0.272       0.288       0.373       0.457       0.473       0.505
    X1               0.125       0.157       0.173       0.257       0.341       0.357       0.389
    Y1              -0.065      -0.054      -0.048      -0.017       0.013       0.019       0.031

 Y2       ON
    Y1               0.317       0.331       0.339       0.377       0.415       0.423       0.437
    M1              -0.105      -0.089      -0.081      -0.038       0.004       0.012       0.028
    X1              -0.107      -0.090      -0.081      -0.035       0.012       0.021       0.038

 X3       ON
    X2               0.388       0.424       0.443       0.539       0.636       0.655       0.691
    M2               0.031       0.068       0.087       0.184       0.282       0.300       0.337
    Y2              -0.045      -0.034      -0.029      -0.002       0.026       0.031       0.042

 M3       ON
    M2               0.333       0.363       0.378       0.459       0.539       0.555       0.585
    X2               0.113       0.144       0.160       0.242       0.324       0.339       0.370
    Y2              -0.042      -0.033      -0.028      -0.002       0.023       0.028       0.038

 Y3       ON
    Y2               0.322       0.336       0.343       0.381       0.418       0.426       0.440
    M2              -0.077      -0.060      -0.051      -0.005       0.042       0.050       0.068
    X2              -0.146      -0.129      -0.120      -0.075      -0.030      -0.022      -0.005

 X4       ON
    X3               0.395       0.426       0.443       0.528       0.614       0.630       0.662
    M3              -0.001       0.032       0.049       0.137       0.224       0.241       0.274
    Y3              -0.105      -0.095      -0.090      -0.064      -0.037      -0.032      -0.022

 M4       ON
    M3               0.320       0.348       0.363       0.440       0.516       0.531       0.560
    X3               0.073       0.103       0.118       0.198       0.278       0.294       0.324
    Y3              -0.051      -0.040      -0.035      -0.005       0.024       0.029       0.040

 Y4       ON
    Y3               0.309       0.323       0.330       0.367       0.404       0.411       0.425
    M3               0.032       0.046       0.053       0.089       0.125       0.132       0.145
    X3              -0.174      -0.160      -0.152      -0.113      -0.074      -0.067      -0.052

 X5       ON
    X4               0.372       0.400       0.414       0.490       0.565       0.580       0.608
    M4               0.010       0.035       0.048       0.113       0.179       0.192       0.217
    Y4              -0.080      -0.069      -0.063      -0.033      -0.004       0.002       0.013

 M5       ON
    M4               0.365       0.390       0.403       0.471       0.539       0.552       0.578
    X4              -0.006       0.022       0.036       0.109       0.182       0.196       0.224
    Y4              -0.026      -0.014      -0.008       0.024       0.057       0.063       0.075

 Y5       ON
    Y4               0.407       0.421       0.428       0.465       0.501       0.508       0.522
    M4              -0.039      -0.021      -0.012       0.036       0.085       0.094       0.112
    X4              -0.119      -0.103      -0.095      -0.052      -0.009      -0.001       0.015

 X2       WITH
    M2               0.497       0.518       0.530       0.588       0.646       0.658       0.679
    Y2              -0.075      -0.065      -0.061      -0.035      -0.009      -0.005       0.005

 X3       WITH
    M3               0.341       0.368       0.382       0.455       0.528       0.542       0.570
    Y3              -0.074      -0.061      -0.054      -0.018       0.018       0.024       0.038

 X4       WITH
    M4               0.516       0.533       0.542       0.588       0.635       0.644       0.661
    Y4              -0.096      -0.084      -0.078      -0.047      -0.015      -0.009       0.002

 X5       WITH
    M5               0.511       0.530       0.540       0.590       0.641       0.651       0.670
    Y5              -0.169      -0.154      -0.147      -0.107      -0.068      -0.060      -0.046

 X1       WITH
    M1               0.706       0.718       0.724       0.756       0.788       0.794       0.806
    Y1              -0.206      -0.192      -0.185      -0.149      -0.112      -0.105      -0.091

 M1       WITH
    Y1              -0.192      -0.179      -0.172      -0.136      -0.099      -0.092      -0.079

 Y5       WITH
    M5              -0.053      -0.039      -0.032       0.006       0.043       0.050       0.064

 Means
    X1               0.843       0.853       0.858       0.883       0.909       0.913       0.923
    M1               0.786       0.795       0.800       0.825       0.849       0.854       0.863
    Y1              21.982      22.274      22.423      23.201      23.979      24.128      24.420

 Intercepts
    X2               0.010       0.237       0.352       0.957       1.562       1.677       1.904
    X3              -0.770      -0.504      -0.368       0.342       1.052       1.188       1.454
    X4               0.963       1.209       1.334       1.991       2.648       2.773       3.019
    X5               0.176       0.434       0.566       1.255       1.944       2.076       2.334
    M2              -0.394      -0.122       0.017       0.744       1.471       1.610       1.882
    M3              -0.669      -0.424      -0.299       0.355       1.009       1.135       1.379
    M4              -0.571      -0.300      -0.162       0.559       1.281       1.419       1.689
    M5              -1.190      -0.915      -0.774      -0.040       0.694       0.835       1.109
    Y2              14.566      15.037      15.278      16.538      17.798      18.039      18.511
    Y3              12.822      13.323      13.579      14.916      16.254      16.510      17.011
    Y4              11.313      11.815      12.072      13.413      14.753      15.010      15.512
    Y5               8.973       9.412       9.637      10.811      11.985      12.210      12.650

 Variances
    X1               1.000       1.000       1.000       1.000       1.000       1.000       1.000
    M1               1.000       1.000       1.000       1.000       1.000       1.000       1.000
    Y1               1.000       1.000       1.000       1.000       1.000       1.000       1.000

 Residual Variances
    X2               0.495       0.513       0.523       0.573       0.623       0.633       0.651
    X3               0.445       0.466       0.476       0.530       0.584       0.595       0.615
    X4               0.511       0.530       0.540       0.593       0.645       0.655       0.674
    X5               0.584       0.603       0.613       0.664       0.714       0.724       0.743
    M2               0.573       0.590       0.600       0.647       0.694       0.704       0.721
    M3               0.490       0.509       0.519       0.569       0.620       0.629       0.648
    M4               0.573       0.591       0.600       0.649       0.697       0.706       0.724
    M5               0.621       0.638       0.647       0.694       0.741       0.750       0.767
    Y2               0.800       0.811       0.816       0.845       0.875       0.880       0.891
    Y3               0.797       0.808       0.813       0.842       0.871       0.876       0.887
    Y4               0.812       0.822       0.827       0.855       0.882       0.888       0.898
    Y5               0.725       0.738       0.744       0.779       0.813       0.819       0.832


MODEL MODIFICATION INDICES

NOTE:  Modification indices for direct effects of observed dependent variables
regressed on covariates may not be included.  To include these, request
MODINDICES (ALL).

Minimum M.I. value for printing the modification index    10.000

                                   M.I.     E.P.C.  Std E.P.C.  StdYX E.P.C.

ON Statements

X2       ON X3                    54.728    -0.499     -0.499       -0.410
X3       ON X4                    15.674    -0.250     -0.250       -0.208
X3       ON M5                    10.411    -0.321     -0.321       -0.077
X3       ON X1                    47.087     0.119      0.119        0.172
X4       ON X2                    13.580     0.064      0.064        0.093
X4       ON X1                    17.723     0.050      0.050        0.087
X5       ON X2                    25.645     0.064      0.064        0.108
M2       ON M3                    18.010    -0.385     -0.385       -0.343
M3       ON M4                    19.418    -0.307     -0.307       -0.265
M3       ON M5                    18.238     0.142      0.142        0.104
M4       ON X5                    14.092    -0.089     -0.089       -0.230
M4       ON M2                    13.010     0.071      0.071        0.092
M4       ON M5                    32.333    -0.402     -0.402       -0.343
Y2       ON Y3                    32.829    -0.427     -0.427       -0.438
Y2       ON Y5                    17.404     0.099      0.099        0.116
Y3       ON Y4                    29.278    -0.373     -0.373       -0.403
Y3       ON Y5                    19.138     0.121      0.121        0.138
Y3       ON Y1                    36.025     0.165      0.165        0.175
Y4       ON Y2                    28.269     0.173      0.173        0.156
Y4       ON Y5                    53.224    -0.575     -0.575       -0.609
Y4       ON Y1                    38.891     0.173      0.173        0.171
Y5       ON Y2                    20.773     0.138      0.138        0.118
Y5       ON Y3                    50.880     0.225      0.225        0.197
Y5       ON Y1                    11.676     0.094      0.094        0.088

WITH Statements

X3       WITH X2                  54.529    -0.322     -0.322       -0.351
X4       WITH X3                  14.121    -0.108     -0.108       -0.169
X5       WITH X2                  20.381     0.064      0.064        0.087
M3       WITH M2                  15.812    -0.027     -0.027       -0.269
M4       WITH M2                  15.457     0.007      0.007        0.079
M4       WITH M3                  13.694    -0.015     -0.015       -0.192
M5       WITH X2                  10.502    -0.016     -0.016       -0.063
M5       WITH M3                  21.680     0.007      0.007        0.104
M5       WITH M4                  17.721    -0.013     -0.013       -0.211
Y3       WITH Y2                  35.497     0.000      0.000       -0.457
Y4       WITH Y3                  27.760     0.000      0.000       -0.396
Y5       WITH Y2                  11.293     0.000      0.000        0.098
Y5       WITH Y3                  30.965     0.000      0.000        0.171
Y5       WITH Y4                  50.198     0.000      0.000       -0.559
X1       WITH X3                  48.505     0.185      0.185        0.128
X1       WITH X4                  29.745     0.109      0.109        0.086
X1       WITH M3                  18.613    -0.039     -0.039       -0.079
X1       WITH M4                  12.146    -0.025     -0.025       -0.055
X1       WITH M5                  17.721    -0.026     -0.026       -0.065
M1       WITH X3                  17.167    -0.033     -0.033       -0.074
M1       WITH X4                  13.929    -0.023     -0.023       -0.058
M1       WITH M3                  22.750     0.013      0.013        0.085
M1       WITH M4                  13.708     0.008      0.008        0.058
M1       WITH M5                  20.569     0.009      0.009        0.070
Y1       WITH Y3                  35.262     0.000      0.000        0.185
Y1       WITH Y4                  39.181     0.000      0.000        0.182
Y1       WITH Y5                  10.497     0.000      0.000        0.093


TECHNICAL 1 OUTPUT


     PARAMETER SPECIFICATION


           NU
              X2            X3            X4            X5            M2
              ________      ________      ________      ________      ________
                  0             0             0             0             0


           NU
              M3            M4            M5            Y2            Y3
              ________      ________      ________      ________      ________
                  0             0             0             0             0


           NU
              Y4            Y5            X1            M1            Y1
              ________      ________      ________      ________      ________
                  0             0             0             0             0


           LAMBDA
              X2            X3            X4            X5            M2
              ________      ________      ________      ________      ________
 X2                 0             0             0             0             0
 X3                 0             0             0             0             0
 X4                 0             0             0             0             0
 X5                 0             0             0             0             0
 M2                 0             0             0             0             0
 M3                 0             0             0             0             0
 M4                 0             0             0             0             0
 M5                 0             0             0             0             0
 Y2                 0             0             0             0             0
 Y3                 0             0             0             0             0
 Y4                 0             0             0             0             0
 Y5                 0             0             0             0             0
 X1                 0             0             0             0             0
 M1                 0             0             0             0             0
 Y1                 0             0             0             0             0


           LAMBDA
              M3            M4            M5            Y2            Y3
              ________      ________      ________      ________      ________
 X2                 0             0             0             0             0
 X3                 0             0             0             0             0
 X4                 0             0             0             0             0
 X5                 0             0             0             0             0
 M2                 0             0             0             0             0
 M3                 0             0             0             0             0
 M4                 0             0             0             0             0
 M5                 0             0             0             0             0
 Y2                 0             0             0             0             0
 Y3                 0             0             0             0             0
 Y4                 0             0             0             0             0
 Y5                 0             0             0             0             0
 X1                 0             0             0             0             0
 M1                 0             0             0             0             0
 Y1                 0             0             0             0             0


           LAMBDA
              Y4            Y5            X1            M1            Y1
              ________      ________      ________      ________      ________
 X2                 0             0             0             0             0
 X3                 0             0             0             0             0
 X4                 0             0             0             0             0
 X5                 0             0             0             0             0
 M2                 0             0             0             0             0
 M3                 0             0             0             0             0
 M4                 0             0             0             0             0
 M5                 0             0             0             0             0
 Y2                 0             0             0             0             0
 Y3                 0             0             0             0             0
 Y4                 0             0             0             0             0
 Y5                 0             0             0             0             0
 X1                 0             0             0             0             0
 M1                 0             0             0             0             0
 Y1                 0             0             0             0             0


           THETA
              X2            X3            X4            X5            M2
              ________      ________      ________      ________      ________
 X2                 0
 X3                 0             0
 X4                 0             0             0
 X5                 0             0             0             0
 M2                 0             0             0             0             0
 M3                 0             0             0             0             0
 M4                 0             0             0             0             0
 M5                 0             0             0             0             0
 Y2                 0             0             0             0             0
 Y3                 0             0             0             0             0
 Y4                 0             0             0             0             0
 Y5                 0             0             0             0             0
 X1                 0             0             0             0             0
 M1                 0             0             0             0             0
 Y1                 0             0             0             0             0


           THETA
              M3            M4            M5            Y2            Y3
              ________      ________      ________      ________      ________
 M3                 0
 M4                 0             0
 M5                 0             0             0
 Y2                 0             0             0             0
 Y3                 0             0             0             0             0
 Y4                 0             0             0             0             0
 Y5                 0             0             0             0             0
 X1                 0             0             0             0             0
 M1                 0             0             0             0             0
 Y1                 0             0             0             0             0


           THETA
              Y4            Y5            X1            M1            Y1
              ________      ________      ________      ________      ________
 Y4                 0
 Y5                 0             0
 X1                 0             0             0
 M1                 0             0             0             0
 Y1                 0             0             0             0             0


           ALPHA
              X2            X3            X4            X5            M2
              ________      ________      ________      ________      ________
                  1             2             3             4             5


           ALPHA
              M3            M4            M5            Y2            Y3
              ________      ________      ________      ________      ________
                  6             7             8             9            10


           ALPHA
              Y4            Y5            X1            M1            Y1
              ________      ________      ________      ________      ________
                 11            12            13            14            15


           BETA
              X2            X3            X4            X5            M2
              ________      ________      ________      ________      ________
 X2                 0             0             0             0             0
 X3                19             0             0             0            20
 X4                 0            22             0             0             0
 X5                 0             0            25             0             0
 M2                 0             0             0             0             0
 M3                31             0             0             0            32
 M4                 0            34             0             0             0
 M5                 0             0            37             0             0
 Y2                 0             0             0             0             0
 Y3                43             0             0             0            44
 Y4                 0            46             0             0             0
 Y5                 0             0            49             0             0
 X1                 0             0             0             0             0
 M1                 0             0             0             0             0
 Y1                 0             0             0             0             0


           BETA
              M3            M4            M5            Y2            Y3
              ________      ________      ________      ________      ________
 X2                 0             0             0             0             0
 X3                 0             0             0            21             0
 X4                23             0             0             0            24
 X5                 0            26             0             0             0
 M2                 0             0             0             0             0
 M3                 0             0             0            33             0
 M4                35             0             0             0            36
 M5                 0            38             0             0             0
 Y2                 0             0             0             0             0
 Y3                 0             0             0            45             0
 Y4                47             0             0             0            48
 Y5                 0            50             0             0             0
 X1                 0             0             0             0             0
 M1                 0             0             0             0             0
 Y1                 0             0             0             0             0


           BETA
              Y4            Y5            X1            M1            Y1
              ________      ________      ________      ________      ________
 X2                 0             0            16            17            18
 X3                 0             0             0             0             0
 X4                 0             0             0             0             0
 X5                27             0             0             0             0
 M2                 0             0            28            29            30
 M3                 0             0             0             0             0
 M4                 0             0             0             0             0
 M5                39             0             0             0             0
 Y2                 0             0            40            41            42
 Y3                 0             0             0             0             0
 Y4                 0             0             0             0             0
 Y5                51             0             0             0             0
 X1                 0             0             0             0             0
 M1                 0             0             0             0             0
 Y1                 0             0             0             0             0


           PSI
              X2            X3            X4            X5            M2
              ________      ________      ________      ________      ________
 X2                52
 X3                 0            53
 X4                 0             0            54
 X5                 0             0             0            55
 M2                56             0             0             0            57
 M3                 0            58             0             0             0
 M4                 0             0            60             0             0
 M5                 0             0             0            62             0
 Y2                64             0             0             0             0
 Y3                 0            66             0             0             0
 Y4                 0             0            68             0             0
 Y5                 0             0             0            70             0
 X1                 0             0             0             0             0
 M1                 0             0             0             0             0
 Y1                 0             0             0             0             0


           PSI
              M3            M4            M5            Y2            Y3
              ________      ________      ________      ________      ________
 M3                59
 M4                 0            61
 M5                 0             0            63
 Y2                 0             0             0            65
 Y3                 0             0             0             0            67
 Y4                 0             0             0             0             0
 Y5                 0             0            71             0             0
 X1                 0             0             0             0             0
 M1                 0             0             0             0             0
 Y1                 0             0             0             0             0


           PSI
              Y4            Y5            X1            M1            Y1
              ________      ________      ________      ________      ________
 Y4                69
 Y5                 0            72
 X1                 0             0            73
 M1                 0             0            74            75
 Y1                 0             0            76            77            78


     STARTING VALUES


           NU
              X2            X3            X4            X5            M2
              ________      ________      ________      ________      ________
                0.000         0.000         0.000         0.000         0.000


           NU
              M3            M4            M5            Y2            Y3
              ________      ________      ________      ________      ________
                0.000         0.000         0.000         0.000         0.000


           NU
              Y4            Y5            X1            M1            Y1
              ________      ________      ________      ________      ________
                0.000         0.000         0.000         0.000         0.000


           LAMBDA
              X2            X3            X4            X5            M2
              ________      ________      ________      ________      ________
 X2             1.000         0.000         0.000         0.000         0.000
 X3             0.000         1.000         0.000         0.000         0.000
 X4             0.000         0.000         1.000         0.000         0.000
 X5             0.000         0.000         0.000         1.000         0.000
 M2             0.000         0.000         0.000         0.000         1.000
 M3             0.000         0.000         0.000         0.000         0.000
 M4             0.000         0.000         0.000         0.000         0.000
 M5             0.000         0.000         0.000         0.000         0.000
 Y2             0.000         0.000         0.000         0.000         0.000
 Y3             0.000         0.000         0.000         0.000         0.000
 Y4             0.000         0.000         0.000         0.000         0.000
 Y5             0.000         0.000         0.000         0.000         0.000
 X1             0.000         0.000         0.000         0.000         0.000
 M1             0.000         0.000         0.000         0.000         0.000
 Y1             0.000         0.000         0.000         0.000         0.000


           LAMBDA
              M3            M4            M5            Y2            Y3
              ________      ________      ________      ________      ________
 X2             0.000         0.000         0.000         0.000         0.000
 X3             0.000         0.000         0.000         0.000         0.000
 X4             0.000         0.000         0.000         0.000         0.000
 X5             0.000         0.000         0.000         0.000         0.000
 M2             0.000         0.000         0.000         0.000         0.000
 M3             1.000         0.000         0.000         0.000         0.000
 M4             0.000         1.000         0.000         0.000         0.000
 M5             0.000         0.000         1.000         0.000         0.000
 Y2             0.000         0.000         0.000         1.000         0.000
 Y3             0.000         0.000         0.000         0.000         1.000
 Y4             0.000         0.000         0.000         0.000         0.000
 Y5             0.000         0.000         0.000         0.000         0.000
 X1             0.000         0.000         0.000         0.000         0.000
 M1             0.000         0.000         0.000         0.000         0.000
 Y1             0.000         0.000         0.000         0.000         0.000


           LAMBDA
              Y4            Y5            X1            M1            Y1
              ________      ________      ________      ________      ________
 X2             0.000         0.000         0.000         0.000         0.000
 X3             0.000         0.000         0.000         0.000         0.000
 X4             0.000         0.000         0.000         0.000         0.000
 X5             0.000         0.000         0.000         0.000         0.000
 M2             0.000         0.000         0.000         0.000         0.000
 M3             0.000         0.000         0.000         0.000         0.000
 M4             0.000         0.000         0.000         0.000         0.000
 M5             0.000         0.000         0.000         0.000         0.000
 Y2             0.000         0.000         0.000         0.000         0.000
 Y3             0.000         0.000         0.000         0.000         0.000
 Y4             1.000         0.000         0.000         0.000         0.000
 Y5             0.000         1.000         0.000         0.000         0.000
 X1             0.000         0.000         1.000         0.000         0.000
 M1             0.000         0.000         0.000         1.000         0.000
 Y1             0.000         0.000         0.000         0.000         1.000


           THETA
              X2            X3            X4            X5            M2
              ________      ________      ________      ________      ________
 X2             0.000
 X3             0.000         0.000
 X4             0.000         0.000         0.000
 X5             0.000         0.000         0.000         0.000
 M2             0.000         0.000         0.000         0.000         0.000
 M3             0.000         0.000         0.000         0.000         0.000
 M4             0.000         0.000         0.000         0.000         0.000
 M5             0.000         0.000         0.000         0.000         0.000
 Y2             0.000         0.000         0.000         0.000         0.000
 Y3             0.000         0.000         0.000         0.000         0.000
 Y4             0.000         0.000         0.000         0.000         0.000
 Y5             0.000         0.000         0.000         0.000         0.000
 X1             0.000         0.000         0.000         0.000         0.000
 M1             0.000         0.000         0.000         0.000         0.000
 Y1             0.000         0.000         0.000         0.000         0.000


           THETA
              M3            M4            M5            Y2            Y3
              ________      ________      ________      ________      ________
 M3             0.000
 M4             0.000         0.000
 M5             0.000         0.000         0.000
 Y2             0.000         0.000         0.000         0.000
 Y3             0.000         0.000         0.000         0.000         0.000
 Y4             0.000         0.000         0.000         0.000         0.000
 Y5             0.000         0.000         0.000         0.000         0.000
 X1             0.000         0.000         0.000         0.000         0.000
 M1             0.000         0.000         0.000         0.000         0.000
 Y1             0.000         0.000         0.000         0.000         0.000


           THETA
              Y4            Y5            X1            M1            Y1
              ________      ________      ________      ________      ________
 Y4             0.000
 Y5             0.000         0.000
 X1             0.000         0.000         0.000
 M1             0.000         0.000         0.000         0.000
 Y1             0.000         0.000         0.000         0.000         0.000


           ALPHA
              X2            X3            X4            X5            M2
              ________      ________      ________      ________      ________
                1.298         1.121         1.034         0.964         0.375


           ALPHA
              M3            M4            M5            Y2            Y3
              ________      ________      ________      ________      ________
                0.352         0.335         0.308         0.615         0.612


           ALPHA
              Y4            Y5            X1            M1            Y1
              ________      ________      ________      ________      ________
                0.604         0.606         1.494         0.432         0.618


           BETA
              X2            X3            X4            X5            M2
              ________      ________      ________      ________      ________
 X2             0.000         0.000         0.000         0.000         0.000
 X3             0.000         0.000         0.000         0.000         0.000
 X4             0.000         0.000         0.000         0.000         0.000
 X5             0.000         0.000         0.000         0.000         0.000
 M2             0.000         0.000         0.000         0.000         0.000
 M3             0.000         0.000         0.000         0.000         0.000
 M4             0.000         0.000         0.000         0.000         0.000
 M5             0.000         0.000         0.000         0.000         0.000
 Y2             0.000         0.000         0.000         0.000         0.000
 Y3             0.000         0.000         0.000         0.000         0.000
 Y4             0.000         0.000         0.000         0.000         0.000
 Y5             0.000         0.000         0.000         0.000         0.000
 X1             0.000         0.000         0.000         0.000         0.000
 M1             0.000         0.000         0.000         0.000         0.000
 Y1             0.000         0.000         0.000         0.000         0.000


           BETA
              M3            M4            M5            Y2            Y3
              ________      ________      ________      ________      ________
 X2             0.000         0.000         0.000         0.000         0.000
 X3             0.000         0.000         0.000         0.000         0.000
 X4             0.000         0.000         0.000         0.000         0.000
 X5             0.000         0.000         0.000         0.000         0.000
 M2             0.000         0.000         0.000         0.000         0.000
 M3             0.000         0.000         0.000         0.000         0.000
 M4             0.000         0.000         0.000         0.000         0.000
 M5             0.000         0.000         0.000         0.000         0.000
 Y2             0.000         0.000         0.000         0.000         0.000
 Y3             0.000         0.000         0.000         0.000         0.000
 Y4             0.000         0.000         0.000         0.000         0.000
 Y5             0.000         0.000         0.000         0.000         0.000
 X1             0.000         0.000         0.000         0.000         0.000
 M1             0.000         0.000         0.000         0.000         0.000
 Y1             0.000         0.000         0.000         0.000         0.000


           BETA
              Y4            Y5            X1            M1            Y1
              ________      ________      ________      ________      ________
 X2             0.000         0.000         0.000         0.000         0.000
 X3             0.000         0.000         0.000         0.000         0.000
 X4             0.000         0.000         0.000         0.000         0.000
 X5             0.000         0.000         0.000         0.000         0.000
 M2             0.000         0.000         0.000         0.000         0.000
 M3             0.000         0.000         0.000         0.000         0.000
 M4             0.000         0.000         0.000         0.000         0.000
 M5             0.000         0.000         0.000         0.000         0.000
 Y2             0.000         0.000         0.000         0.000         0.000
 Y3             0.000         0.000         0.000         0.000         0.000
 Y4             0.000         0.000         0.000         0.000         0.000
 Y5             0.000         0.000         0.000         0.000         0.000
 X1             0.000         0.000         0.000         0.000         0.000
 M1             0.000         0.000         0.000         0.000         0.000
 Y1             0.000         0.000         0.000         0.000         0.000


           PSI
              X2            X3            X4            X5            M2
              ________      ________      ________      ________      ________
 X2             1.013
 X3             0.000         0.686
 X4             0.000         0.000         0.474
 X5             0.000         0.000         0.000         0.356
 M2             0.000         0.000         0.000         0.000         0.091
 M3             0.000         0.000         0.000         0.000         0.000
 M4             0.000         0.000         0.000         0.000         0.000
 M5             0.000         0.000         0.000         0.000         0.000
 Y2             0.000         0.000         0.000         0.000         0.000
 Y3             0.000         0.000         0.000         0.000         0.000
 Y4             0.000         0.000         0.000         0.000         0.000
 Y5             0.000         0.000         0.000         0.000         0.000
 X1             0.000         0.000         0.000         0.000         0.000
 M1             0.000         0.000         0.000         0.000         0.000
 Y1             0.000         0.000         0.000         0.000         0.000


           PSI
              M3            M4            M5            Y2            Y3
              ________      ________      ________      ________      ________
 M3             0.073
 M4             0.000         0.054
 M5             0.000         0.000         0.039
 Y2             0.000         0.000         0.000         0.000
 Y3             0.000         0.000         0.000         0.000         0.000
 Y4             0.000         0.000         0.000         0.000         0.000
 Y5             0.000         0.000         0.000         0.000         0.000
 X1             0.000         0.000         0.000         0.000         0.000
 M1             0.000         0.000         0.000         0.000         0.000
 Y1             0.000         0.000         0.000         0.000         0.000


           PSI
              Y4            Y5            X1            M1            Y1
              ________      ________      ________      ________      ________
 Y4             0.000
 Y5             0.000         0.000
 X1             0.000         0.000         1.431
 M1             0.000         0.000         0.000         0.137
 Y1             0.000         0.000         0.000         0.000         0.000


DIAGRAM INFORMATION

  Use View Diagram under the Diagram menu in the Mplus Editor to view the diagram.
  If running Mplus from the Mplus Diagrammer, the diagram opens automatically.

  Diagram output
    d:\mplus ÔËĐĐ°ć\mptext6.dgm

     Beginning Time:  21:34:01
        Ending Time:  21:34:01
       Elapsed Time:  00:00:00



MUTHEN & MUTHEN
3463 Stoner Ave.
Los Angeles, CA  90066

Tel: (310) 391-9971
Fax: (310) 391-8971
Web: www.StatModel.com
Support: Support@StatModel.com

Copyright (c) 1998-2019 Muthen & Muthen
